#
# A fatal error has been detected by the Java Runtime Environment:
#
#  SIGSEGV (0xb) at pc=0x00000001051abadb, pid=18739, tid=18183
#
# JRE version: OpenJDK Runtime Environment (11.0.2+9) (build 11.0.2+9)
# Java VM: OpenJDK 64-Bit Server VM (11.0.2+9, mixed mode, tiered, compressed oops, g1 gc, bsd-amd64)
# Problematic frame:
# C  [libawt_lwawt.dylib+0x1badb]  OGLSD_SetScratchSurface+0x1f
#
# No core dump will be written. Core dumps have been disabled. To enable core dumping, try "ulimit -c unlimited" before starting Java again
#
# If you would like to submit a bug report, please visit:
#   http://bugreport.java.com/bugreport/crash.jsp
# The crash happened outside the Java Virtual Machine in native code.
# See problematic frame for where to report the bug.
#

---------------  S U M M A R Y ------------

Command Line: -ea -agentlib:jdwp=transport=dt_socket,address=127.0.0.1:54722 -Dfile.encoding=UTF-8 bluej.runtime.ExecServer UTF-8

Host: MacBookAir8,1 x86_64 1600 MHz, 4 cores, 8G, Darwin 19.4.0
Time: Thu Jul 16 15:41:54 2020 PDT elapsed time: 6929 seconds (0d 1h 55m 29s)

---------------  T H R E A D  ---------------

Current thread (0x00007f97a697d000):  JavaThread "Java2D Queue Flusher" daemon [_thread_in_native, id=18183, stack(0x00007000102fa000,0x00007000103fa000)]

Stack: [0x00007000102fa000,0x00007000103fa000],  sp=0x00007000103f9850,  free space=1022k
Native frames: (J=compiled Java code, A=aot compiled Java code, j=interpreted, Vv=VM code, C=native code)
C  [libawt_lwawt.dylib+0x1badb]  OGLSD_SetScratchSurface+0x1f
C  [libawt_lwawt.dylib+0x3ffae]  Java_sun_java2d_opengl_OGLRenderQueue_flushBuffer+0x94a
J 2206  sun.java2d.opengl.OGLRenderQueue.flushBuffer(JI)V java.desktop@11.0.2 (0 bytes) @ 0x0000000115c9e2fd [0x0000000115c9e240+0x00000000000000bd]
J 2032 c1 sun.java2d.opengl.OGLRenderQueue.flushBuffer()V java.desktop@11.0.2 (41 bytes) @ 0x000000010eaa772c [0x000000010eaa7600+0x000000000000012c]
J 2692% c1 sun.java2d.opengl.OGLRenderQueue$QueueFlusher.run()V java.desktop@11.0.2 (234 bytes) @ 0x000000010ec4a4c4 [0x000000010ec49e20+0x00000000000006a4]
j  java.lang.Thread.run()V+11 java.base@11.0.2
v  ~StubRoutines::call_stub
V  [libjvm.dylib+0x39b736]  _ZN9JavaCalls11call_helperEP9JavaValueRK12methodHandleP17JavaCallArgumentsP6Thread+0x21a
V  [libjvm.dylib+0x39ab80]  _ZN9JavaCalls12call_virtualEP9JavaValueP5KlassP6SymbolS5_P17JavaCallArgumentsP6Thread+0xee
V  [libjvm.dylib+0x39ac3c]  _ZN9JavaCalls12call_virtualEP9JavaValue6HandleP5KlassP6SymbolS6_P6Thread+0x62
V  [libjvm.dylib+0x41e818]  _ZL12thread_entryP10JavaThreadP6Thread+0x78
V  [libjvm.dylib+0x6ed196]  _ZN10JavaThread17thread_main_innerEv+0x82
V  [libjvm.dylib+0x6ecfe1]  _ZN10JavaThread3runEv+0x1ab
V  [libjvm.dylib+0x5f00f3]  _ZL19thread_native_entryP6Thread+0x135
C  [libsystem_pthread.dylib+0x6109]  _pthread_start+0x94
C  [libsystem_pthread.dylib+0x1b8b]  thread_start+0xf

Java frames: (J=compiled Java code, j=interpreted, Vv=VM code)
J 2206  sun.java2d.opengl.OGLRenderQueue.flushBuffer(JI)V java.desktop@11.0.2 (0 bytes) @ 0x0000000115c9e288 [0x0000000115c9e240+0x0000000000000048]
J 2032 c1 sun.java2d.opengl.OGLRenderQueue.flushBuffer()V java.desktop@11.0.2 (41 bytes) @ 0x000000010eaa772c [0x000000010eaa7600+0x000000000000012c]
J 2692% c1 sun.java2d.opengl.OGLRenderQueue$QueueFlusher.run()V java.desktop@11.0.2 (234 bytes) @ 0x000000010ec4a4c4 [0x000000010ec49e20+0x00000000000006a4]
j  java.lang.Thread.run()V+11 java.base@11.0.2
v  ~StubRoutines::call_stub

siginfo: si_signo: 11 (SIGSEGV), si_code: 1 (SEGV_MAPERR), si_addr: 0x0000000000000002

Register to memory mapping:

RAX=0x0 is NULL
RBX=0x00007f97a5ef6670 points into unknown readable memory: f7 08 85 7a f9 07 00 00
RCX=0x0000000000000047 is an unknown value
RDX=0x00000001051cff8b: Java_sun_java2d_opengl_OGLRenderQueue_flushBuffer+0x927 in /private/var/folders/l9/17652zlj5lbdj0zz_1lyvmkc0000gn/T/AppTranslocation/011E79CA-7EF4-4D0B-8E2D-F973A2E1C651/d/BlueJ.app/Contents/JDK/Home/lib/libawt_lwawt.dylib at 0x0000000105190000
RSP=0x00007000103f9850 is pointing into the stack for thread: 0x00007f97a697d000
RBP=0x00007000103f9880 is pointing into the stack for thread: 0x00007f97a697d000
RSI=0x00007f97a5ef6670 points into unknown readable memory: f7 08 85 7a f9 07 00 00
RDI=0x00007f97a697d340 points into unknown readable memory: e0 30 b0 02 01 00 00 00
R8 =0x0000000000000441 is an unknown value
R9 =0xffffffff00000000 is an unknown value
R10=0x0000000115c9e288 is at entry_point+72 in (nmethod*)0x0000000115c9e090
R11=0x0000000000000202 is an unknown value
R12=0x00007f97a79c2a10 points into unknown readable memory: 5a 00 00 00 49 00 00 00
R13=0x0000000000000002 is an unknown value
R14=0x00000001051d021c: Java_sun_java2d_opengl_OGLRenderQueue_flushBuffer+0xbb8 in /private/var/folders/l9/17652zlj5lbdj0zz_1lyvmkc0000gn/T/AppTranslocation/011E79CA-7EF4-4D0B-8E2D-F973A2E1C651/d/BlueJ.app/Contents/JDK/Home/lib/libawt_lwawt.dylib at 0x0000000105190000
R15=0x00007f97a697d340 points into unknown readable memory: e0 30 b0 02 01 00 00 00


Registers:
RAX=0x0000000000000000, RBX=0x00007f97a5ef6670, RCX=0x0000000000000047, RDX=0x00000001051cff8b
RSP=0x00007000103f9850, RBP=0x00007000103f9880, RSI=0x00007f97a5ef6670, RDI=0x00007f97a697d340
R8 =0x0000000000000441, R9 =0xffffffff00000000, R10=0x0000000115c9e288, R11=0x0000000000000202
R12=0x00007f97a79c2a10, R13=0x0000000000000002, R14=0x00000001051d021c, R15=0x00007f97a697d340
RIP=0x00000001051abadb, EFLAGS=0x0000000000010202, ERR=0x0000000000000004
  TRAPNO=0x000000000000000e

Top of Stack: (sp=0x00007000103f9850)
0x00007000103f9850:   0000000000000000 00007f97a5ef6670
0x00007000103f9860:   00007f97a79c2a10 00007f97a79c2a20
0x00007000103f9870:   00000001051d021c 00007f97a697d340
0x00007000103f9880:   00007000103f98e0 00000001051cffae
0x00007000103f9890:   00007000103f98a0 0000000102907f39
0x00007000103f98a0:   00007000103f98c0 0000000002907f13
0x00007000103f98b0:   0000000102b58901 0000000787903d48
0x00007000103f98c0:   0000000000000000 0000000000000000
0x00007000103f98d0:   000000078337a768 00007f97a697d000
0x00007000103f98e0:   00007000103f9930 0000000115c9e2fd
0x00007000103f98f0:   0000000787903d48 00007f97a5edbc60
0x00007000103f9900:   00007000103f9960 00000001026129a0
0x00007000103f9910:   0000700000000005 00007f97a697d000
0x00007000103f9920:   00007000103f9b01 00007f97a5c987c0
0x00007000103f9930:   00007000103f9b48 000000010eaa772c
0x00007000103f9940:   0000000000000150 0000000000000000
0x00007000103f9950:   000000078337a768 00007f97a697d000
0x00007000103f9960:   00007000103f99b0 0000000115c6817b
0x00007000103f9970:   0000000787a24da0 0000000104e46858
0x00007000103f9980:   0000000000000000 00000007856d6c98
0x00007000103f9990:   0000000787903d48 0000000000000020
0x00007000103f99a0:   00007000103f99c0 00007000103f9b48
0x00007000103f99b0:   00007000103f9b48 000000010ec4a4c4
0x00007000103f99c0:   0000000000000000 0000000000000000
0x00007000103f99d0:   0000000000000000 0000000000000000
0x00007000103f99e0:   0000000000000000 00007000103f9a88
0x00007000103f99f0:   0000000000000004 0000000000000002
0x00007000103f9a00:   00007000103f9a60 000000010286a338
0x00007000103f9a10:   00007000103f9a78 000000010e131466
0x00007000103f9a20:   000000010e117490 0000000100000000
0x00007000103f9a30:   0000000100000001 00000007856d3bd0
0x00007000103f9a40:   0000000787a24da0 000000078337a7a8 

Instructions: (pc=0x00000001051abadb)
0x00000001051ababb:   c3 55 48 89 e5 41 57 41 56 41 55 41 54 53 50 49
0x00000001051abacb:   89 ff 48 85 f6 74 57 4c 8b 6e 10 4d 85 ed 74 57
0x00000001051abadb:   49 8b 5d 00 31 c0 e8 2e da 02 00 49 89 c6 48 8b
0x00000001051abaeb:   3b 48 8b 35 bd 54 05 00 ff 15 2f 8a 04 00 48 85 

Stack slot to memory mapping:
stack at sp + 0 slots: 0x0 is NULL
stack at sp + 1 slots: 0x00007f97a5ef6670 points into unknown readable memory: f7 08 85 7a f9 07 00 00
stack at sp + 2 slots: 0x00007f97a79c2a10 points into unknown readable memory: 5a 00 00 00 49 00 00 00
stack at sp + 3 slots: 0x00007f97a79c2a20 points into unknown readable memory: 00 00 00 00 b0 00 00 00
stack at sp + 4 slots: 0x00000001051d021c: Java_sun_java2d_opengl_OGLRenderQueue_flushBuffer+0xbb8 in /private/var/folders/l9/17652zlj5lbdj0zz_1lyvmkc0000gn/T/AppTranslocation/011E79CA-7EF4-4D0B-8E2D-F973A2E1C651/d/BlueJ.app/Contents/JDK/Home/lib/libawt_lwawt.dylib at 0x0000000105190000
stack at sp + 5 slots: 0x00007f97a697d340 points into unknown readable memory: e0 30 b0 02 01 00 00 00
stack at sp + 6 slots: 0x00007000103f98e0 is pointing into the stack for thread: 0x00007f97a697d000
stack at sp + 7 slots: 0x00000001051cffae: Java_sun_java2d_opengl_OGLRenderQueue_flushBuffer+0x94a in /private/var/folders/l9/17652zlj5lbdj0zz_1lyvmkc0000gn/T/AppTranslocation/011E79CA-7EF4-4D0B-8E2D-F973A2E1C651/d/BlueJ.app/Contents/JDK/Home/lib/libawt_lwawt.dylib at 0x0000000105190000


---------------  P R O C E S S  ---------------

Threads class SMR info:
_java_thread_list=0x00007f97a862ee70, length=19, elements={
0x00007f97a6049800, 0x00007f97a604c800, 0x00007f97a6053000, 0x00007f97a6865800,
0x00007f97a7822800, 0x00007f97a7012000, 0x00007f97a6864000, 0x00007f97a705e800,
0x00007f97a6863000, 0x00007f97a600b800, 0x00007f97a788e000, 0x00007f97a7aa5000,
0x00007f97a614b000, 0x00007f97a69a6800, 0x00007f97a7afc800, 0x00007f97a697d000,
0x00007f97a74ff000, 0x00007f97a6b34000, 0x00007f97a619d000
}

Java Threads: ( => current thread )
  0x00007f97a6049800 JavaThread "Reference Handler" daemon [_thread_blocked, id=12803, stack(0x000070000ee32000,0x000070000ef32000)]
  0x00007f97a604c800 JavaThread "Finalizer" daemon [_thread_blocked, id=13315, stack(0x000070000ef35000,0x000070000f035000)]
  0x00007f97a6053000 JavaThread "Signal Dispatcher" daemon [_thread_blocked, id=15107, stack(0x000070000f13e000,0x000070000f23e000)]
  0x00007f97a6865800 JavaThread "C2 CompilerThread0" daemon [_thread_blocked, id=15619, stack(0x000070000f241000,0x000070000f341000)]
  0x00007f97a7822800 JavaThread "C1 CompilerThread0" daemon [_thread_blocked, id=16387, stack(0x000070000f344000,0x000070000f444000)]
  0x00007f97a7012000 JavaThread "Sweeper thread" daemon [_thread_blocked, id=43267, stack(0x000070000f447000,0x000070000f547000)]
  0x00007f97a6864000 JavaThread "JDWP Transport Listener: dt_socket" daemon [_thread_blocked, id=22275, stack(0x000070000f54a000,0x000070000f64a000)]
  0x00007f97a705e800 JavaThread "JDWP Event Helper Thread" daemon [_thread_blocked, id=23043, stack(0x000070000f64d000,0x000070000f74d000)]
  0x00007f97a6863000 JavaThread "JDWP Command Reader" daemon [_thread_in_native, id=42499, stack(0x000070000f750000,0x000070000f850000)]
  0x00007f97a600b800 JavaThread "Service Thread" daemon [_thread_blocked, id=41987, stack(0x000070000f853000,0x000070000f953000)]
  0x00007f97a788e000 JavaThread "Common-Cleaner" daemon [_thread_blocked, id=24835, stack(0x000070000fa59000,0x000070000fb59000)]
  0x00007f97a7aa5000 JavaThread "AppKit Thread" daemon [_thread_in_native, id=775, stack(0x00007ffeeda3b000,0x00007ffeee23b000)]
  0x00007f97a614b000 JavaThread "BlueJ worker thread" [_thread_blocked, id=53251, stack(0x000070000ff6e000,0x000070001006e000)]
  0x00007f97a69a6800 JavaThread "DestroyJavaVM" [_thread_blocked, id=5635, stack(0x000070000e71d000,0x000070000e81d000)]
  0x00007f97a7afc800 JavaThread "Java2D Disposer" daemon [_thread_blocked, id=14859, stack(0x000070000fc5f000,0x000070000fd5f000)]
=>0x00007f97a697d000 JavaThread "Java2D Queue Flusher" daemon [_thread_in_native, id=18183, stack(0x00007000102fa000,0x00007000103fa000)]
  0x00007f97a74ff000 JavaThread "TimerQueue" daemon [_thread_blocked, id=61703, stack(0x0000700010789000,0x0000700010889000)]
  0x00007f97a6b34000 JavaThread "main" [_thread_in_vm, id=60423, stack(0x00007000103fd000,0x00007000104fd000)]
  0x00007f97a619d000 JavaThread "AWT-Shutdown" [_thread_blocked, id=58955, stack(0x000070000fb5c000,0x000070000fc5c000)]

Other Threads:
  0x00007f97a7822000 VMThread "VM Thread" [stack: 0x000070000ed2f000,0x000070000ee2f000] [id=12291]
  0x00007f97a6096800 WatcherThread [stack: 0x000070000f956000,0x000070000fa56000] [id=24067]
  0x00007f97a6013000 GCTaskThread "GC Thread#0" [stack: 0x000070000e820000,0x000070000e920000] [id=11267]
  0x00007f97a6a7e800 GCTaskThread "GC Thread#1" [stack: 0x000070000fe6b000,0x000070000ff6b000] [id=84487]
  0x00007f97a69e3000 GCTaskThread "GC Thread#2" [stack: 0x00007000100f4000,0x00007000101f4000] [id=35347]
  0x00007f97a6982800 GCTaskThread "GC Thread#3" [stack: 0x00007000101f7000,0x00007000102f7000] [id=73059]
  0x00007f97a7033000 ConcurrentGCThread "G1 Main Marker" [stack: 0x000070000e923000,0x000070000ea23000] [id=20739]
  0x00007f97a780a800 ConcurrentGCThread "G1 Conc#0" [stack: 0x000070000ea26000,0x000070000eb26000] [id=20227]
  0x00007f97a685d800 ConcurrentGCThread "G1 Refine#0" [stack: 0x000070000eb29000,0x000070000ec29000] [id=19715]
  0x00007f97a780b800 ConcurrentGCThread "G1 Young RemSet Sampling" [stack: 0x000070000ec2c000,0x000070000ed2c000] [id=19459]

Threads with active compile tasks:
C2 CompilerThread02725       4       java.util.concurrent.ConcurrentHashMap::addCount (289 bytes)

VM state:not at safepoint (normal execution)

VM Mutex/Monitor currently owned by a thread: None

Heap address: 0x0000000780000000, size: 2048 MB, Compressed Oops mode: Zero based, Oop shift amount: 3
Narrow klass base: 0x0000000800000000, Narrow klass shift: 0
Compressed class space size: 1073741824 Address: 0x0000000800000000

Heap:
 garbage-first heap   total 131072K, used 6666K [0x0000000780000000, 0x0000000800000000)
  region size 1024K, 6 young (6144K), 5 survivors (5120K)
 Metaspace       used 20656K, capacity 21165K, committed 21552K, reserved 1069056K
  class space    used 2156K, capacity 2360K, committed 2432K, reserved 1048576K
Heap Regions: E=young(eden), S=young(survivor), O=old, HS=humongous(starts), HC=humongous(continues), CS=collection set, F=free, A=archive, TAMS=top-at-mark-start (previous, next)
|   0|0x0000000780000000, 0x0000000780000000, 0x0000000780100000|  0%| F|  |TAMS 0x0000000780000000, 0x0000000780000000| Untracked 
|   1|0x0000000780100000, 0x0000000780200000, 0x0000000780200000|100%|HS|  |TAMS 0x0000000780200000, 0x0000000780100000| Complete 
|   2|0x0000000780200000, 0x0000000780300000, 0x0000000780300000|100%|HC|  |TAMS 0x0000000780300000, 0x0000000780200000| Complete 
|   3|0x0000000780300000, 0x0000000780315800, 0x0000000780400000|  8%| O|  |TAMS 0x0000000780315800, 0x0000000780300000| Untracked 
|   4|0x0000000780400000, 0x0000000780400000, 0x0000000780500000|  0%| F|  |TAMS 0x0000000780400000, 0x0000000780400000| Untracked 
|   5|0x0000000780500000, 0x0000000780500000, 0x0000000780600000|  0%| F|  |TAMS 0x0000000780500000, 0x0000000780500000| Untracked 
|   6|0x0000000780600000, 0x0000000780600000, 0x0000000780700000|  0%| F|  |TAMS 0x0000000780600000, 0x0000000780600000| Untracked 
|   7|0x0000000780700000, 0x0000000780700000, 0x0000000780800000|  0%| F|  |TAMS 0x0000000780700000, 0x0000000780700000| Untracked 
|   8|0x0000000780800000, 0x0000000780800000, 0x0000000780900000|  0%| F|  |TAMS 0x0000000780800000, 0x0000000780800000| Untracked 
|   9|0x0000000780900000, 0x0000000780900000, 0x0000000780a00000|  0%| F|  |TAMS 0x0000000780900000, 0x0000000780900000| Untracked 
|  10|0x0000000780a00000, 0x0000000780a00000, 0x0000000780b00000|  0%| F|  |TAMS 0x0000000780a00000, 0x0000000780a00000| Untracked 
|  11|0x0000000780b00000, 0x0000000780b00000, 0x0000000780c00000|  0%| F|  |TAMS 0x0000000780b00000, 0x0000000780b00000| Untracked 
|  12|0x0000000780c00000, 0x0000000780c00000, 0x0000000780d00000|  0%| F|  |TAMS 0x0000000780c00000, 0x0000000780c00000| Untracked 
|  13|0x0000000780d00000, 0x0000000780d00000, 0x0000000780e00000|  0%| F|  |TAMS 0x0000000780d00000, 0x0000000780d00000| Untracked 
|  14|0x0000000780e00000, 0x0000000780e00000, 0x0000000780f00000|  0%| F|  |TAMS 0x0000000780e00000, 0x0000000780e00000| Untracked 
|  15|0x0000000780f00000, 0x0000000780f00000, 0x0000000781000000|  0%| F|  |TAMS 0x0000000780f00000, 0x0000000780f00000| Untracked 
|  16|0x0000000781000000, 0x0000000781000000, 0x0000000781100000|  0%| F|  |TAMS 0x0000000781000000, 0x0000000781000000| Untracked 
|  17|0x0000000781100000, 0x0000000781100000, 0x0000000781200000|  0%| F|  |TAMS 0x0000000781100000, 0x0000000781100000| Untracked 
|  18|0x0000000781200000, 0x0000000781200000, 0x0000000781300000|  0%| F|  |TAMS 0x0000000781200000, 0x0000000781200000| Untracked 
|  19|0x0000000781300000, 0x0000000781300000, 0x0000000781400000|  0%| F|  |TAMS 0x0000000781300000, 0x0000000781300000| Untracked 
|  20|0x0000000781400000, 0x0000000781400000, 0x0000000781500000|  0%| F|  |TAMS 0x0000000781400000, 0x0000000781400000| Untracked 
|  21|0x0000000781500000, 0x0000000781500000, 0x0000000781600000|  0%| F|  |TAMS 0x0000000781500000, 0x0000000781500000| Untracked 
|  22|0x0000000781600000, 0x0000000781600000, 0x0000000781700000|  0%| F|  |TAMS 0x0000000781600000, 0x0000000781600000| Untracked 
|  23|0x0000000781700000, 0x0000000781700000, 0x0000000781800000|  0%| F|  |TAMS 0x0000000781700000, 0x0000000781700000| Untracked 
|  24|0x0000000781800000, 0x0000000781800000, 0x0000000781900000|  0%| F|  |TAMS 0x0000000781800000, 0x0000000781800000| Untracked 
|  25|0x0000000781900000, 0x0000000781900000, 0x0000000781a00000|  0%| F|  |TAMS 0x0000000781900000, 0x0000000781900000| Untracked 
|  26|0x0000000781a00000, 0x0000000781a00000, 0x0000000781b00000|  0%| F|  |TAMS 0x0000000781a00000, 0x0000000781a00000| Untracked 
|  27|0x0000000781b00000, 0x0000000781b00000, 0x0000000781c00000|  0%| F|  |TAMS 0x0000000781b00000, 0x0000000781b00000| Untracked 
|  28|0x0000000781c00000, 0x0000000781c00000, 0x0000000781d00000|  0%| F|  |TAMS 0x0000000781c00000, 0x0000000781c00000| Untracked 
|  29|0x0000000781d00000, 0x0000000781d00000, 0x0000000781e00000|  0%| F|  |TAMS 0x0000000781d00000, 0x0000000781d00000| Untracked 
|  30|0x0000000781e00000, 0x0000000781e00000, 0x0000000781f00000|  0%| F|  |TAMS 0x0000000781e00000, 0x0000000781e00000| Untracked 
|  31|0x0000000781f00000, 0x0000000781f00000, 0x0000000782000000|  0%| F|  |TAMS 0x0000000781f00000, 0x0000000781f00000| Untracked 
|  32|0x0000000782000000, 0x0000000782000000, 0x0000000782100000|  0%| F|  |TAMS 0x0000000782000000, 0x0000000782000000| Untracked 
|  33|0x0000000782100000, 0x0000000782100000, 0x0000000782200000|  0%| F|  |TAMS 0x0000000782100000, 0x0000000782100000| Untracked 
|  34|0x0000000782200000, 0x0000000782200000, 0x0000000782300000|  0%| F|  |TAMS 0x0000000782200000, 0x0000000782200000| Untracked 
|  35|0x0000000782300000, 0x0000000782300000, 0x0000000782400000|  0%| F|  |TAMS 0x0000000782300000, 0x0000000782300000| Untracked 
|  36|0x0000000782400000, 0x0000000782400000, 0x0000000782500000|  0%| F|  |TAMS 0x0000000782400000, 0x0000000782400000| Untracked 
|  37|0x0000000782500000, 0x0000000782500000, 0x0000000782600000|  0%| F|  |TAMS 0x0000000782500000, 0x0000000782500000| Untracked 
|  38|0x0000000782600000, 0x0000000782600000, 0x0000000782700000|  0%| F|  |TAMS 0x0000000782600000, 0x0000000782600000| Untracked 
|  39|0x0000000782700000, 0x0000000782700000, 0x0000000782800000|  0%| F|  |TAMS 0x0000000782700000, 0x0000000782700000| Untracked 
|  40|0x0000000782800000, 0x0000000782800000, 0x0000000782900000|  0%| F|  |TAMS 0x0000000782800000, 0x0000000782800000| Untracked 
|  41|0x0000000782900000, 0x0000000782900000, 0x0000000782a00000|  0%| F|  |TAMS 0x0000000782900000, 0x0000000782900000| Untracked 
|  42|0x0000000782a00000, 0x0000000782a00000, 0x0000000782b00000|  0%| F|  |TAMS 0x0000000782a00000, 0x0000000782a00000| Untracked 
|  43|0x0000000782b00000, 0x0000000782b00000, 0x0000000782c00000|  0%| F|  |TAMS 0x0000000782b00000, 0x0000000782b00000| Untracked 
|  44|0x0000000782c00000, 0x0000000782c00000, 0x0000000782d00000|  0%| F|  |TAMS 0x0000000782c00000, 0x0000000782c00000| Untracked 
|  45|0x0000000782d00000, 0x0000000782d00000, 0x0000000782e00000|  0%| F|  |TAMS 0x0000000782d00000, 0x0000000782d00000| Untracked 
|  46|0x0000000782e00000, 0x0000000782e00000, 0x0000000782f00000|  0%| F|  |TAMS 0x0000000782e00000, 0x0000000782e00000| Untracked 
|  47|0x0000000782f00000, 0x0000000782f00000, 0x0000000783000000|  0%| F|  |TAMS 0x0000000782f00000, 0x0000000782f00000| Untracked 
|  48|0x0000000783000000, 0x0000000783000000, 0x0000000783100000|  0%| F|  |TAMS 0x0000000783000000, 0x0000000783000000| Untracked 
|  49|0x0000000783100000, 0x0000000783100000, 0x0000000783200000|  0%| F|  |TAMS 0x0000000783100000, 0x0000000783100000| Untracked 
|  50|0x0000000783200000, 0x0000000783200000, 0x0000000783300000|  0%| F|  |TAMS 0x0000000783200000, 0x0000000783200000| Untracked 
|  51|0x0000000783300000, 0x0000000783300000, 0x0000000783400000|  0%| F|  |TAMS 0x0000000783300000, 0x0000000783300000| Untracked 
|  52|0x0000000783400000, 0x0000000783400000, 0x0000000783500000|  0%| F|  |TAMS 0x0000000783400000, 0x0000000783400000| Untracked 
|  53|0x0000000783500000, 0x0000000783500000, 0x0000000783600000|  0%| F|  |TAMS 0x0000000783500000, 0x0000000783500000| Untracked 
|  54|0x0000000783600000, 0x0000000783600000, 0x0000000783700000|  0%| F|  |TAMS 0x0000000783600000, 0x0000000783600000| Untracked 
|  55|0x0000000783700000, 0x0000000783700000, 0x0000000783800000|  0%| F|  |TAMS 0x0000000783700000, 0x0000000783700000| Untracked 
|  56|0x0000000783800000, 0x0000000783800000, 0x0000000783900000|  0%| F|  |TAMS 0x0000000783800000, 0x0000000783800000| Untracked 
|  57|0x0000000783900000, 0x0000000783900000, 0x0000000783a00000|  0%| F|  |TAMS 0x0000000783900000, 0x0000000783900000| Untracked 
|  58|0x0000000783a00000, 0x0000000783a00000, 0x0000000783b00000|  0%| F|  |TAMS 0x0000000783a00000, 0x0000000783a00000| Untracked 
|  59|0x0000000783b00000, 0x0000000783b00000, 0x0000000783c00000|  0%| F|  |TAMS 0x0000000783b00000, 0x0000000783b00000| Untracked 
|  60|0x0000000783c00000, 0x0000000783c00000, 0x0000000783d00000|  0%| F|  |TAMS 0x0000000783c00000, 0x0000000783c00000| Untracked 
|  61|0x0000000783d00000, 0x0000000783d00000, 0x0000000783e00000|  0%| F|  |TAMS 0x0000000783d00000, 0x0000000783d00000| Untracked 
|  62|0x0000000783e00000, 0x0000000783e00000, 0x0000000783f00000|  0%| F|  |TAMS 0x0000000783e00000, 0x0000000783e00000| Untracked 
|  63|0x0000000783f00000, 0x0000000783f00000, 0x0000000784000000|  0%| F|  |TAMS 0x0000000783f00000, 0x0000000783f00000| Untracked 
|  64|0x0000000784000000, 0x0000000784000000, 0x0000000784100000|  0%| F|  |TAMS 0x0000000784000000, 0x0000000784000000| Untracked 
|  65|0x0000000784100000, 0x0000000784100000, 0x0000000784200000|  0%| F|  |TAMS 0x0000000784100000, 0x0000000784100000| Untracked 
|  66|0x0000000784200000, 0x0000000784200000, 0x0000000784300000|  0%| F|  |TAMS 0x0000000784200000, 0x0000000784200000| Untracked 
|  67|0x0000000784300000, 0x0000000784300000, 0x0000000784400000|  0%| F|  |TAMS 0x0000000784300000, 0x0000000784300000| Untracked 
|  68|0x0000000784400000, 0x0000000784400000, 0x0000000784500000|  0%| F|  |TAMS 0x0000000784400000, 0x0000000784400000| Untracked 
|  69|0x0000000784500000, 0x0000000784500000, 0x0000000784600000|  0%| F|  |TAMS 0x0000000784500000, 0x0000000784500000| Untracked 
|  70|0x0000000784600000, 0x0000000784600000, 0x0000000784700000|  0%| F|  |TAMS 0x0000000784600000, 0x0000000784600000| Untracked 
|  71|0x0000000784700000, 0x0000000784700000, 0x0000000784800000|  0%| F|  |TAMS 0x0000000784700000, 0x0000000784700000| Untracked 
|  72|0x0000000784800000, 0x0000000784800000, 0x0000000784900000|  0%| F|  |TAMS 0x0000000784800000, 0x0000000784800000| Untracked 
|  73|0x0000000784900000, 0x0000000784900000, 0x0000000784a00000|  0%| F|  |TAMS 0x0000000784900000, 0x0000000784900000| Untracked 
|  74|0x0000000784a00000, 0x0000000784a00000, 0x0000000784b00000|  0%| F|  |TAMS 0x0000000784a00000, 0x0000000784a00000| Untracked 
|  75|0x0000000784b00000, 0x0000000784b00000, 0x0000000784c00000|  0%| F|  |TAMS 0x0000000784b00000, 0x0000000784b00000| Untracked 
|  76|0x0000000784c00000, 0x0000000784c00000, 0x0000000784d00000|  0%| F|  |TAMS 0x0000000784c00000, 0x0000000784c00000| Untracked 
|  77|0x0000000784d00000, 0x0000000784d00000, 0x0000000784e00000|  0%| F|  |TAMS 0x0000000784d00000, 0x0000000784d00000| Untracked 
|  78|0x0000000784e00000, 0x0000000784e00000, 0x0000000784f00000|  0%| F|  |TAMS 0x0000000784e00000, 0x0000000784e00000| Untracked 
|  79|0x0000000784f00000, 0x0000000784f00000, 0x0000000785000000|  0%| F|  |TAMS 0x0000000784f00000, 0x0000000784f00000| Untracked 
|  80|0x0000000785000000, 0x0000000785000000, 0x0000000785100000|  0%| F|  |TAMS 0x0000000785000000, 0x0000000785000000| Untracked 
|  81|0x0000000785100000, 0x0000000785100000, 0x0000000785200000|  0%| F|  |TAMS 0x0000000785100000, 0x0000000785100000| Untracked 
|  82|0x0000000785200000, 0x0000000785200000, 0x0000000785300000|  0%| F|  |TAMS 0x0000000785200000, 0x0000000785200000| Untracked 
|  83|0x0000000785300000, 0x0000000785300000, 0x0000000785400000|  0%| F|  |TAMS 0x0000000785300000, 0x0000000785300000| Untracked 
|  84|0x0000000785400000, 0x0000000785400000, 0x0000000785500000|  0%| F|  |TAMS 0x0000000785400000, 0x0000000785400000| Untracked 
|  85|0x0000000785500000, 0x0000000785500000, 0x0000000785600000|  0%| F|  |TAMS 0x0000000785500000, 0x0000000785500000| Untracked 
|  86|0x0000000785600000, 0x0000000785600000, 0x0000000785700000|  0%| F|  |TAMS 0x0000000785600000, 0x0000000785600000| Untracked 
|  87|0x0000000785700000, 0x0000000785700000, 0x0000000785800000|  0%| F|  |TAMS 0x0000000785700000, 0x0000000785700000| Untracked 
|  88|0x0000000785800000, 0x0000000785800000, 0x0000000785900000|  0%| F|  |TAMS 0x0000000785800000, 0x0000000785800000| Untracked 
|  89|0x0000000785900000, 0x0000000785900000, 0x0000000785a00000|  0%| F|  |TAMS 0x0000000785900000, 0x0000000785900000| Untracked 
|  90|0x0000000785a00000, 0x0000000785a00000, 0x0000000785b00000|  0%| F|  |TAMS 0x0000000785a00000, 0x0000000785a00000| Untracked 
|  91|0x0000000785b00000, 0x0000000785b00000, 0x0000000785c00000|  0%| F|  |TAMS 0x0000000785b00000, 0x0000000785b00000| Untracked 
|  92|0x0000000785c00000, 0x0000000785c00000, 0x0000000785d00000|  0%| F|  |TAMS 0x0000000785c00000, 0x0000000785c00000| Untracked 
|  93|0x0000000785d00000, 0x0000000785d00000, 0x0000000785e00000|  0%| F|  |TAMS 0x0000000785d00000, 0x0000000785d00000| Untracked 
|  94|0x0000000785e00000, 0x0000000785e00000, 0x0000000785f00000|  0%| F|  |TAMS 0x0000000785e00000, 0x0000000785e00000| Untracked 
|  95|0x0000000785f00000, 0x0000000785f00000, 0x0000000786000000|  0%| F|  |TAMS 0x0000000785f00000, 0x0000000785f00000| Untracked 
|  96|0x0000000786000000, 0x0000000786000000, 0x0000000786100000|  0%| F|  |TAMS 0x0000000786000000, 0x0000000786000000| Untracked 
|  97|0x0000000786100000, 0x0000000786100000, 0x0000000786200000|  0%| F|  |TAMS 0x0000000786100000, 0x0000000786100000| Untracked 
|  98|0x0000000786200000, 0x0000000786200000, 0x0000000786300000|  0%| F|  |TAMS 0x0000000786200000, 0x0000000786200000| Untracked 
|  99|0x0000000786300000, 0x0000000786300000, 0x0000000786400000|  0%| F|  |TAMS 0x0000000786300000, 0x0000000786300000| Untracked 
| 100|0x0000000786400000, 0x0000000786400000, 0x0000000786500000|  0%| F|  |TAMS 0x0000000786400000, 0x0000000786400000| Untracked 
| 101|0x0000000786500000, 0x0000000786500000, 0x0000000786600000|  0%| F|  |TAMS 0x0000000786500000, 0x0000000786500000| Untracked 
| 102|0x0000000786600000, 0x0000000786600000, 0x0000000786700000|  0%| F|  |TAMS 0x0000000786600000, 0x0000000786600000| Untracked 
| 103|0x0000000786700000, 0x0000000786700000, 0x0000000786800000|  0%| F|  |TAMS 0x0000000786700000, 0x0000000786700000| Untracked 
| 104|0x0000000786800000, 0x0000000786800000, 0x0000000786900000|  0%| F|  |TAMS 0x0000000786800000, 0x0000000786800000| Untracked 
| 105|0x0000000786900000, 0x0000000786900000, 0x0000000786a00000|  0%| F|  |TAMS 0x0000000786900000, 0x0000000786900000| Untracked 
| 106|0x0000000786a00000, 0x0000000786a00000, 0x0000000786b00000|  0%| F|  |TAMS 0x0000000786a00000, 0x0000000786a00000| Untracked 
| 107|0x0000000786b00000, 0x0000000786b00000, 0x0000000786c00000|  0%| F|  |TAMS 0x0000000786b00000, 0x0000000786b00000| Untracked 
| 108|0x0000000786c00000, 0x0000000786c00000, 0x0000000786d00000|  0%| F|  |TAMS 0x0000000786c00000, 0x0000000786c00000| Untracked 
| 109|0x0000000786d00000, 0x0000000786d00000, 0x0000000786e00000|  0%| F|  |TAMS 0x0000000786d00000, 0x0000000786d00000| Untracked 
| 110|0x0000000786e00000, 0x0000000786e00000, 0x0000000786f00000|  0%| F|  |TAMS 0x0000000786e00000, 0x0000000786e00000| Untracked 
| 111|0x0000000786f00000, 0x0000000786f00000, 0x0000000787000000|  0%| F|  |TAMS 0x0000000786f00000, 0x0000000786f00000| Untracked 
| 112|0x0000000787000000, 0x0000000787000000, 0x0000000787100000|  0%| F|  |TAMS 0x0000000787000000, 0x0000000787000000| Untracked 
| 113|0x0000000787100000, 0x0000000787100000, 0x0000000787200000|  0%| F|  |TAMS 0x0000000787100000, 0x0000000787100000| Untracked 
| 114|0x0000000787200000, 0x0000000787200000, 0x0000000787300000|  0%| F|  |TAMS 0x0000000787200000, 0x0000000787200000| Untracked 
| 115|0x0000000787300000, 0x0000000787300000, 0x0000000787400000|  0%| F|  |TAMS 0x0000000787300000, 0x0000000787300000| Untracked 
| 116|0x0000000787400000, 0x0000000787400000, 0x0000000787500000|  0%| F|  |TAMS 0x0000000787400000, 0x0000000787400000| Untracked 
| 117|0x0000000787500000, 0x0000000787500000, 0x0000000787600000|  0%| F|  |TAMS 0x0000000787500000, 0x0000000787500000| Untracked 
| 118|0x0000000787600000, 0x000000078766d0e0, 0x0000000787700000| 42%| S|CS|TAMS 0x0000000787600000, 0x0000000787600000| Complete 
| 119|0x0000000787700000, 0x0000000787800000, 0x0000000787800000|100%| S|CS|TAMS 0x0000000787700000, 0x0000000787700000| Complete 
| 120|0x0000000787800000, 0x0000000787900000, 0x0000000787900000|100%| S|CS|TAMS 0x0000000787800000, 0x0000000787800000| Complete 
| 121|0x0000000787900000, 0x0000000787a00000, 0x0000000787a00000|100%| S|CS|TAMS 0x0000000787900000, 0x0000000787900000| Complete 
| 122|0x0000000787a00000, 0x0000000787b00000, 0x0000000787b00000|100%| S|CS|TAMS 0x0000000787a00000, 0x0000000787a00000| Complete 
| 123|0x0000000787b00000, 0x0000000787b00000, 0x0000000787c00000|  0%| F|  |TAMS 0x0000000787b00000, 0x0000000787b00000| Untracked 
| 124|0x0000000787c00000, 0x0000000787c00000, 0x0000000787d00000|  0%| F|  |TAMS 0x0000000787c00000, 0x0000000787c00000| Untracked 
| 125|0x0000000787d00000, 0x0000000787d00000, 0x0000000787e00000|  0%| F|  |TAMS 0x0000000787d00000, 0x0000000787d00000| Untracked 
| 126|0x0000000787e00000, 0x0000000787e00000, 0x0000000787f00000|  0%| F|  |TAMS 0x0000000787e00000, 0x0000000787e00000| Untracked 
| 127|0x0000000787f00000, 0x0000000787f2e158, 0x0000000788000000| 18%| E|  |TAMS 0x0000000787f00000, 0x0000000787f00000| Complete 

Card table byte_map: [0x0000000103a0b000,0x0000000103e0b000] _byte_map_base: 0x00000000ffe0b000

Marking Bits (Prev, Next): (CMBitMap*) 0x00007f97a702a450, (CMBitMap*) 0x00007f97a702a418
 Prev Bits: [0x000000011f10f000, 0x000000012110f000)
 Next Bits: [0x000000011d10f000, 0x000000011f10f000)

Polling page: 0x00000001019fc000

Metaspace:

Usage:
  Non-class:     18.36 MB capacity,    18.08 MB ( 98%) used,   241.40 KB (  1%) free+waste,    51.25 KB ( <1%) overhead. 
      Class:      2.30 MB capacity,     2.11 MB ( 92%) used,   169.10 KB (  7%) free+waste,    26.00 KB (  1%) overhead. 
       Both:     20.67 MB capacity,    20.19 MB ( 98%) used,   410.50 KB (  2%) free+waste,    77.25 KB ( <1%) overhead. 

Virtual space:
  Non-class space:       20.00 MB reserved,      18.67 MB ( 93%) committed 
      Class space:        1.00 GB reserved,       2.38 MB ( <1%) committed 
             Both:        1.02 GB reserved,      21.05 MB (  2%) committed 

Chunk freelists:
   Non-Class:  9.38 KB
       Class:  1.00 KB
        Both:  10.38 KB

CodeHeap 'non-profiled nmethods': size=120032Kb used=1016Kb max_used=1087Kb free=119015Kb
 bounds [0x0000000115bd7000, 0x0000000115e47000, 0x000000011d10f000]
CodeHeap 'profiled nmethods': size=120032Kb used=5596Kb max_used=5817Kb free=114435Kb
 bounds [0x000000010e69f000, 0x000000010ec5f000, 0x0000000115bd7000]
CodeHeap 'non-nmethods': size=5696Kb used=1317Kb max_used=1358Kb free=4378Kb
 bounds [0x000000010e10f000, 0x000000010e37f000, 0x000000010e69f000]
 total_blobs=3914 nmethods=2592 adapters=565
 compilation: enabled
              stopped_count=0, restarted_count=0
 full_count=0

Compilation events (10 events):
Event: 6929.738 Thread 0x00007f97a7822800 2719   !   3       java.util.concurrent.ConcurrentHashMap::replaceNode (437 bytes)
Event: 6929.741 Thread 0x00007f97a7822800 nmethod 2719 0x000000010e6e6390 code [0x000000010e6e6760, 0x000000010e6e8cb8]
Event: 6929.741 Thread 0x00007f97a7822800 2723       3       java.awt.Component::getFont (5 bytes)
Event: 6929.742 Thread 0x00007f97a7822800 nmethod 2723 0x000000010e6c8210 code [0x000000010e6c8400, 0x000000010e6c87e8]
Event: 6929.742 Thread 0x00007f97a7822800 2720       3       java.util.concurrent.ConcurrentHashMap::remove (8 bytes)
Event: 6929.742 Thread 0x00007f97a7822800 nmethod 2720 0x000000010e6c2090 code [0x000000010e6c2260, 0x000000010e6c2428]
Event: 6929.742 Thread 0x00007f97a7822800 2721       3       java.lang.ref.Cleaner::register (25 bytes)
Event: 6929.742 Thread 0x00007f97a7822800 nmethod 2721 0x000000010e6c7810 code [0x000000010e6c7a40, 0x000000010e6c8008]
Event: 6929.742 Thread 0x00007f97a7822800 2722       3       jdk.internal.ref.CleanerImpl$PhantomCleanableRef::<init> (12 bytes)
Event: 6929.742 Thread 0x00007f97a7822800 nmethod 2722 0x000000010e6caf10 code [0x000000010e6cb0e0, 0x000000010e6cb2e8]

GC Heap History (6 events):
Event: 39.888 GC heap before
{Heap before GC invocations=0 (full 0):
 garbage-first heap   total 131072K, used 16384K [0x0000000780000000, 0x0000000800000000)
  region size 1024K, 14 young (14336K), 0 survivors (0K)
 Metaspace       used 9505K, capacity 9795K, committed 9984K, reserved 1058816K
  class space    used 918K, capacity 1015K, committed 1024K, reserved 1048576K
}
Event: 39.894 GC heap after
{Heap after GC invocations=1 (full 0):
 garbage-first heap   total 131072K, used 5206K [0x0000000780000000, 0x0000000800000000)
  region size 1024K, 2 young (2048K), 2 survivors (2048K)
 Metaspace       used 9505K, capacity 9795K, committed 9984K, reserved 1058816K
  class space    used 918K, capacity 1015K, committed 1024K, reserved 1048576K
}
Event: 6572.192 GC heap before
{Heap before GC invocations=1 (full 0):
 garbage-first heap   total 131072K, used 83030K [0x0000000780000000, 0x0000000800000000)
  region size 1024K, 76 young (77824K), 2 survivors (2048K)
 Metaspace       used 19892K, capacity 20390K, committed 20736K, reserved 1067008K
  class space    used 2021K, capacity 2230K, committed 2304K, reserved 1048576K
}
Event: 6572.231 GC heap after
{Heap after GC invocations=2 (full 0):
 garbage-first heap   total 131072K, used 9042K [0x0000000780000000, 0x0000000800000000)
  region size 1024K, 5 young (5120K), 5 survivors (5120K)
 Metaspace       used 19892K, capacity 20390K, committed 20736K, reserved 1067008K
  class space    used 2021K, capacity 2230K, committed 2304K, reserved 1048576K
}
Event: 6929.759 GC heap before
{Heap before GC invocations=2 (full 0):
 garbage-first heap   total 131072K, used 13138K [0x0000000780000000, 0x0000000800000000)
  region size 1024K, 10 young (10240K), 5 survivors (5120K)
 Metaspace       used 20601K, capacity 21101K, committed 21296K, reserved 1069056K
  class space    used 2135K, capacity 2360K, committed 2432K, reserved 1048576K
}
Event: 6929.785 GC heap after
{Heap after GC invocations=3 (full 0):
 garbage-first heap   total 131072K, used 6666K [0x0000000780000000, 0x0000000800000000)
  region size 1024K, 5 young (5120K), 5 survivors (5120K)
 Metaspace       used 20601K, capacity 21101K, committed 21296K, reserved 1069056K
  class space    used 2135K, capacity 2360K, committed 2432K, reserved 1048576K
}

Deoptimization events (10 events):
Event: 72.363 Thread 0x00007f97a73cb000 Uncommon trap: reason=unstable_if action=reinterpret pc=0x0000000115cd3934 method=java.awt.Component.isShowing()Z @ 11 c2
Event: 72.379 Thread 0x00007f97a7aa5000 Uncommon trap: reason=unstable_if action=reinterpret pc=0x0000000115cda04c method=java.util.IdentityHashMap.isEmpty()Z @ 4 c2
Event: 1352.726 Thread 0x00007f97a7aa5000 Uncommon trap: reason=unstable_if action=reinterpret pc=0x0000000115ca9350 method=java.awt.geom.AffineTransform.setToScale(DD)V @ 33 c2
Event: 1352.731 Thread 0x00007f97a7aa5000 Uncommon trap: reason=unstable_if action=reinterpret pc=0x0000000115ca7674 method=java.awt.geom.AffineTransform.setToScale(DD)V @ 33 c2
Event: 6929.701 Thread 0x00007f97a6b34000 Uncommon trap: reason=unstable_if action=reinterpret pc=0x0000000115cb1504 method=java.awt.Component.getFont_NoClientCode()Ljava/awt/Font; @ 17 c2
Event: 6929.701 Thread 0x00007f97a6b34000 Uncommon trap: reason=unstable_if action=reinterpret pc=0x0000000115cbb480 method=java.awt.Component.getFont_NoClientCode()Ljava/awt/Font; @ 17 c2
Event: 6929.701 Thread 0x00007f97a6b34000 Uncommon trap: reason=unstable_if action=reinterpret pc=0x0000000115cdab00 method=java.awt.Component.getForeground()Ljava/awt/Color; @ 17 c2
Event: 6929.702 Thread 0x00007f97a6b34000 Uncommon trap: reason=null_check action=make_not_entrant pc=0x0000000115c9483c method=java.awt.Component.isLightweight()Z @ 4 c2
Event: 6929.751 Thread 0x00007f97a6b34000 Uncommon trap: reason=unstable_if action=reinterpret pc=0x0000000115cb381c method=sun.swing.SwingUtilities2.getFRCProperty(Ljavax/swing/JComponent;)Ljava/awt/font/FontRenderContext; @ 10 c2
Event: 6929.751 Thread 0x00007f97a6b34000 Uncommon trap: reason=unstable_if action=reinterpret pc=0x0000000115cad474 method=java.awt.font.FontRenderContext.hashCode()I @ 4 c2

Classes redefined (0 events):
No events

Internal exceptions (10 events):
Event: 41.797 Thread 0x00007f97a7119000 Exception <a 'java/lang/NoSuchMethodError'{0x0000000784e2fa00}: java.lang.invoke.Invokers$Holder.linkToTargetMethod(Ljava/lang/Object;ILjava/lang/Object;)Ljava/lang/Object;> (0x0000000784e2fa00) thrown at [/scratch/mesos/slaves/07fc96ef-bf4d-487f-b22f-a84
Event: 41.834 Thread 0x00007f97a73cb000 Exception <a 'java/lang/NoSuchMethodError'{0x0000000784fd6a38}: java.lang.invoke.DirectMethodHandle$Holder.invokeStatic(Ljava/lang/Object;IILjava/lang/Object;Ljava/lang/Object;Ljava/lang/Object;)Ljava/lang/Object;> (0x0000000784fd6a38) thrown at [/scratch
Event: 6929.689 Thread 0x00007f97a6b34000 Exception <a 'java/security/PrivilegedActionException'{0x0000000787ce9260}> (0x0000000787ce9260) thrown at [/scratch/mesos/slaves/07fc96ef-bf4d-487f-b22f-a84e49f5f44a-S15534/frameworks/1735e8a2-a1db-478c-8104-60c8b0af87dd-0196/executors/2de9a231-452d-4727
Event: 6929.690 Thread 0x00007f97a6b34000 Exception <a 'java/security/PrivilegedActionException'{0x0000000787ce9530}> (0x0000000787ce9530) thrown at [/scratch/mesos/slaves/07fc96ef-bf4d-487f-b22f-a84e49f5f44a-S15534/frameworks/1735e8a2-a1db-478c-8104-60c8b0af87dd-0196/executors/2de9a231-452d-4727
Event: 6929.701 Thread 0x00007f97a6b34000 Implicit null exception at 0x0000000115cb1490 to 0x0000000115cb14ef
Event: 6929.701 Thread 0x00007f97a6b34000 Implicit null exception at 0x0000000115cbb410 to 0x0000000115cbb46b
Event: 6929.701 Thread 0x00007f97a6b34000 Implicit null exception at 0x0000000115cdaa7c to 0x0000000115cdaaeb
Event: 6929.702 Thread 0x00007f97a6b34000 Implicit null exception at 0x0000000115c947d0 to 0x0000000115c9482f
Event: 6929.751 Thread 0x00007f97a6b34000 Implicit null exception at 0x0000000115cb235d to 0x0000000115cb3802
Event: 6929.751 Thread 0x00007f97a6b34000 Implicit null exception at 0x0000000115cac974 to 0x0000000115cad45a

Events (10 events):
Event: 6929.786 loading class javax/swing/plaf/basic/BasicSliderUI$TrackListener
Event: 6929.786 Executing VM operation: RevokeBias
Event: 6929.786 loading class javax/swing/plaf/basic/BasicSliderUI$TrackListener done
Event: 6929.786 loading class com/apple/laf/AquaSliderUI$TrackListener done
Event: 6929.786 Executing VM operation: RevokeBias done
Event: 6929.791 loading class com/apple/laf/AquaSliderUI$4
Event: 6929.791 loading class com/apple/laf/AquaSliderUI$4 done
Event: 6929.791 loading class javax/swing/plaf/basic/BasicSliderUI$Handler
Event: 6929.791 Executing VM operation: CGC_Operation
Event: 6929.791 loading class javax/swing/plaf/basic/BasicSliderUI$Handler done


Dynamic libraries:
0x00007fff38790000 	/System/Library/Frameworks/Cocoa.framework/Versions/A/Cocoa
0x00007fff45f6d000 	/System/Library/Frameworks/Security.framework/Versions/A/Security
0x00007fff376fa000 	/System/Library/Frameworks/ApplicationServices.framework/Versions/A/ApplicationServices
0x00007fff72b18000 	/usr/lib/libz.1.dylib
0x00007fff705dc000 	/usr/lib/libSystem.B.dylib
0x00007fff3962b000 	/System/Library/Frameworks/CoreFoundation.framework/Versions/A/CoreFoundation
0x00007fff3bce1000 	/System/Library/Frameworks/Foundation.framework/Versions/C/Foundation
0x00007fff7243c000 	/usr/lib/libobjc.A.dylib
0x00007fff368eb000 	/System/Library/Frameworks/AppKit.framework/Versions/C/AppKit
0x00007fff39114000 	/System/Library/Frameworks/CoreData.framework/Versions/A/CoreData
0x00007fff6a5fd000 	/System/Library/PrivateFrameworks/UIFoundation.framework/Versions/A/UIFoundation
0x00007fff656ab000 	/System/Library/PrivateFrameworks/RemoteViewServices.framework/Versions/A/RemoteViewServices
0x00007fff6d151000 	/System/Library/PrivateFrameworks/XCTTargetBootstrap.framework/Versions/A/XCTTargetBootstrap
0x00007fff394ff000 	/System/Library/Frameworks/CoreDisplay.framework/Versions/A/CoreDisplay
0x00007fff3eb9a000 	/System/Library/Frameworks/Metal.framework/Versions/A/Metal
0x00007fff53704000 	/System/Library/PrivateFrameworks/DesktopServicesPriv.framework/Versions/A/DesktopServicesPriv
0x00007fff71719000 	/usr/lib/liblangid.dylib
0x00007fff5299d000 	/System/Library/PrivateFrameworks/CoreSVG.framework/Versions/A/CoreSVG
0x00007fff68801000 	/System/Library/PrivateFrameworks/SkyLight.framework/Versions/A/SkyLight
0x00007fff39aac000 	/System/Library/Frameworks/CoreGraphics.framework/Versions/A/CoreGraphics
0x00007fff352bf000 	/System/Library/Frameworks/Accelerate.framework/Versions/A/Accelerate
0x00007fff72a09000 	/usr/lib/libxml2.2.dylib
0x00007fff5e65d000 	/System/Library/PrivateFrameworks/IconServices.framework/Versions/A/IconServices
0x00007fff3c4c0000 	/System/Library/Frameworks/IOSurface.framework/Versions/A/IOSurface
0x00007fff70106000 	/usr/lib/libDiagnosticMessagesClient.dylib
0x00007fff5355e000 	/System/Library/PrivateFrameworks/DFRFoundation.framework/Versions/A/DFRFoundation
0x00007fff714a8000 	/usr/lib/libicucore.A.dylib
0x00007fff37a2c000 	/System/Library/Frameworks/AudioToolbox.framework/Versions/A/AudioToolbox
0x00007fff37b0f000 	/System/Library/Frameworks/AudioUnit.framework/Versions/A/AudioUnit
0x00007fff707de000 	/usr/lib/libauto.dylib
0x00007fff53600000 	/System/Library/PrivateFrameworks/DataDetectorsCore.framework/Versions/A/DataDetectorsCore
0x00007fff382b1000 	/System/Library/Frameworks/Carbon.framework/Versions/A/Frameworks/HIToolbox.framework/Versions/A/HIToolbox
0x00007fff4516a000 	/System/Library/Frameworks/QuartzCore.framework/Versions/A/QuartzCore
0x00007fff385f0000 	/System/Library/Frameworks/Carbon.framework/Versions/A/Frameworks/SpeechRecognition.framework/Versions/A/SpeechRecognition
0x00007fff53075000 	/System/Library/PrivateFrameworks/CoreUI.framework/Versions/A/CoreUI
0x00007fff38b7f000 	/System/Library/Frameworks/CoreAudio.framework/Versions/A/CoreAudio
0x00007fff3b9a6000 	/System/Library/Frameworks/DiskArbitration.framework/Versions/A/DiskArbitration
0x00007fff606aa000 	/System/Library/PrivateFrameworks/MultitouchSupport.framework/Versions/A/MultitouchSupport
0x00007fff7136f000 	/usr/lib/libenergytrace.dylib
0x00007fff3c41a000 	/System/Library/Frameworks/IOKit.framework/Versions/A/IOKit
0x00007fff3aa13000 	/System/Library/Frameworks/CoreServices.framework/Versions/A/CoreServices
0x00007fff62841000 	/System/Library/PrivateFrameworks/PerformanceAnalysis.framework/Versions/A/PerformanceAnalysis
0x00007fff4419d000 	/System/Library/Frameworks/OpenGL.framework/Versions/A/OpenGL
0x00007fff3879e000 	/System/Library/Frameworks/ColorSync.framework/Versions/A/ColorSync
0x00007fff3a12e000 	/System/Library/Frameworks/CoreImage.framework/Versions/A/CoreImage
0x00007fff3b485000 	/System/Library/Frameworks/CoreText.framework/Versions/A/CoreText
0x00007fff3c550000 	/System/Library/Frameworks/ImageIO.framework/Versions/A/ImageIO
0x00007fff708c2000 	/usr/lib/libc++.1.dylib
0x00007fff7093e000 	/usr/lib/libcompression.dylib
0x00007fff7044a000 	/usr/lib/libMobileGestalt.dylib
0x00007fff6a376000 	/System/Library/PrivateFrameworks/TextureIO.framework/Versions/A/TextureIO
0x00007fff70741000 	/usr/lib/libate.dylib
0x00007fff5e866000 	/System/Library/PrivateFrameworks/InternationalSupport.framework/Versions/A/InternationalSupport
0x00007fff733d8000 	/usr/lib/system/libcache.dylib
0x00007fff733de000 	/usr/lib/system/libcommonCrypto.dylib
0x00007fff733ea000 	/usr/lib/system/libcompiler_rt.dylib
0x00007fff733f2000 	/usr/lib/system/libcopyfile.dylib
0x00007fff733fc000 	/usr/lib/system/libcorecrypto.dylib
0x00007fff7359b000 	/usr/lib/system/libdispatch.dylib
0x00007fff735dc000 	/usr/lib/system/libdyld.dylib
0x00007fff73613000 	/usr/lib/system/libkeymgr.dylib
0x00007fff73621000 	/usr/lib/system/liblaunch.dylib
0x00007fff73622000 	/usr/lib/system/libmacho.dylib
0x00007fff73628000 	/usr/lib/system/libquarantine.dylib
0x00007fff7362b000 	/usr/lib/system/libremovefile.dylib
0x00007fff7362d000 	/usr/lib/system/libsystem_asl.dylib
0x00007fff73645000 	/usr/lib/system/libsystem_blocks.dylib
0x00007fff73646000 	/usr/lib/system/libsystem_c.dylib
0x00007fff736ce000 	/usr/lib/system/libsystem_configuration.dylib
0x00007fff736d2000 	/usr/lib/system/libsystem_coreservices.dylib
0x00007fff736d6000 	/usr/lib/system/libsystem_darwin.dylib
0x00007fff736df000 	/usr/lib/system/libsystem_dnssd.dylib
0x00007fff736e7000 	/usr/lib/system/libsystem_featureflags.dylib
0x00007fff736e9000 	/usr/lib/system/libsystem_info.dylib
0x00007fff73764000 	/usr/lib/system/libsystem_m.dylib
0x00007fff737ac000 	/usr/lib/system/libsystem_malloc.dylib
0x00007fff737d4000 	/usr/lib/system/libsystem_networkextension.dylib
0x00007fff737e2000 	/usr/lib/system/libsystem_notify.dylib
0x00007fff73800000 	/usr/lib/system/libsystem_sandbox.dylib
0x00007fff73805000 	/usr/lib/system/libsystem_secinit.dylib
0x00007fff73737000 	/usr/lib/system/libsystem_kernel.dylib
0x00007fff737ec000 	/usr/lib/system/libsystem_platform.dylib
0x00007fff737f5000 	/usr/lib/system/libsystem_pthread.dylib
0x00007fff73808000 	/usr/lib/system/libsystem_symptoms.dylib
0x00007fff73810000 	/usr/lib/system/libsystem_trace.dylib
0x00007fff73828000 	/usr/lib/system/libunwind.dylib
0x00007fff7382e000 	/usr/lib/system/libxpc.dylib
0x00007fff70915000 	/usr/lib/libc++abi.dylib
0x00007fff7171b000 	/usr/lib/liblzma.5.dylib
0x00007fff71396000 	/usr/lib/libfakelink.dylib
0x00007fff706ce000 	/usr/lib/libarchive.2.dylib
0x00007fff4701d000 	/System/Library/Frameworks/SystemConfiguration.framework/Versions/A/SystemConfiguration
0x00007fff70039000 	/usr/lib/libCRFSuite.dylib
0x00007fff37ea2000 	/System/Library/Frameworks/CFNetwork.framework/Versions/A/CFNetwork
0x00007fff708a4000 	/usr/lib/libbsm.0.dylib
0x00007fff73614000 	/usr/lib/system/libkxld.dylib
0x00007fff4cf33000 	/System/Library/PrivateFrameworks/AppleFSCompression.framework/Versions/A/AppleFSCompression
0x00007fff70c2f000 	/usr/lib/libcoretls.dylib
0x00007fff70c46000 	/usr/lib/libcoretls_cfhelpers.dylib
0x00007fff72482000 	/usr/lib/libpam.2.dylib
0x00007fff725b7000 	/usr/lib/libsqlite3.dylib
0x00007fff729f6000 	/usr/lib/libxar.1.dylib
0x00007fff708b5000 	/usr/lib/libbz2.1.0.dylib
0x00007fff713b7000 	/usr/lib/libiconv.2.dylib
0x00007fff7092b000 	/usr/lib/libcharset.1.dylib
0x00007fff71f21000 	/usr/lib/libnetwork.dylib
0x00007fff72489000 	/usr/lib/libpcap.A.dylib
0x00007fff70683000 	/usr/lib/libapple_nghttp2.dylib
0x00007fff3adca000 	/System/Library/Frameworks/CoreServices.framework/Versions/A/Frameworks/FSEvents.framework/Versions/A/FSEvents
0x00007fff3aa9a000 	/System/Library/Frameworks/CoreServices.framework/Versions/A/Frameworks/CarbonCore.framework/Versions/A/CarbonCore
0x00007fff3b00d000 	/System/Library/Frameworks/CoreServices.framework/Versions/A/Frameworks/Metadata.framework/Versions/A/Metadata
0x00007fff3b0a6000 	/System/Library/Frameworks/CoreServices.framework/Versions/A/Frameworks/OSServices.framework/Versions/A/OSServices
0x00007fff3b0d4000 	/System/Library/Frameworks/CoreServices.framework/Versions/A/Frameworks/SearchKit.framework/Versions/A/SearchKit
0x00007fff3aa14000 	/System/Library/Frameworks/CoreServices.framework/Versions/A/Frameworks/AE.framework/Versions/A/AE
0x00007fff3add3000 	/System/Library/Frameworks/CoreServices.framework/Versions/A/Frameworks/LaunchServices.framework/Versions/A/LaunchServices
0x00007fff3ad7c000 	/System/Library/Frameworks/CoreServices.framework/Versions/A/Frameworks/DictionaryServices.framework/Versions/A/DictionaryServices
0x00007fff3b13c000 	/System/Library/Frameworks/CoreServices.framework/Versions/A/Frameworks/SharedFileList.framework/Versions/A/SharedFileList
0x00007fff3ffbd000 	/System/Library/Frameworks/NetFS.framework/Versions/A/NetFS
0x00007fff60bd9000 	/System/Library/PrivateFrameworks/NetAuth.framework/Versions/A/NetAuth
0x00007fff6d51e000 	/System/Library/PrivateFrameworks/login.framework/Versions/A/Frameworks/loginsupport.framework/Versions/A/loginsupport
0x00007fff69e43000 	/System/Library/PrivateFrameworks/TCC.framework/Versions/A/TCC
0x00007fff51b10000 	/System/Library/PrivateFrameworks/CoreNLP.framework/Versions/A/CoreNLP
0x00007fff600d8000 	/System/Library/PrivateFrameworks/MetadataUtilities.framework/Versions/A/MetadataUtilities
0x00007fff717f3000 	/usr/lib/libmecabra.dylib
0x00007fff7174b000 	/usr/lib/libmecab.dylib
0x00007fff713a7000 	/usr/lib/libgermantok.dylib
0x00007fff7066a000 	/usr/lib/libThaiTokenizer.dylib
0x00007fff70070000 	/usr/lib/libChineseTokenizer.dylib
0x00007fff352d7000 	/System/Library/Frameworks/Accelerate.framework/Versions/A/Frameworks/vImage.framework/Versions/A/vImage
0x00007fff36741000 	/System/Library/Frameworks/Accelerate.framework/Versions/A/Frameworks/vecLib.framework/Versions/A/vecLib
0x00007fff3667e000 	/System/Library/Frameworks/Accelerate.framework/Versions/A/Frameworks/vecLib.framework/Versions/A/libvMisc.dylib
0x00007fff364a6000 	/System/Library/Frameworks/Accelerate.framework/Versions/A/Frameworks/vecLib.framework/Versions/A/libvDSP.dylib
0x00007fff3592e000 	/System/Library/Frameworks/Accelerate.framework/Versions/A/Frameworks/vecLib.framework/Versions/A/libBLAS.dylib
0x00007fff3606a000 	/System/Library/Frameworks/Accelerate.framework/Versions/A/Frameworks/vecLib.framework/Versions/A/libLAPACK.dylib
0x00007fff36406000 	/System/Library/Frameworks/Accelerate.framework/Versions/A/Frameworks/vecLib.framework/Versions/A/libLinearAlgebra.dylib
0x00007fff36493000 	/System/Library/Frameworks/Accelerate.framework/Versions/A/Frameworks/vecLib.framework/Versions/A/libSparseBLAS.dylib
0x00007fff3641c000 	/System/Library/Frameworks/Accelerate.framework/Versions/A/Frameworks/vecLib.framework/Versions/A/libQuadrature.dylib
0x00007fff35b96000 	/System/Library/Frameworks/Accelerate.framework/Versions/A/Frameworks/vecLib.framework/Versions/A/libBNNS.dylib
0x00007fff36422000 	/System/Library/Frameworks/Accelerate.framework/Versions/A/Frameworks/vecLib.framework/Versions/A/libSparse.dylib
0x00007fff5ec4e000 	/System/Library/PrivateFrameworks/LanguageModeling.framework/Versions/A/LanguageModeling
0x00007fff514c0000 	/System/Library/PrivateFrameworks/CoreEmoji.framework/Versions/A/CoreEmoji
0x00007fff5ed6c000 	/System/Library/PrivateFrameworks/LinguisticData.framework/Versions/A/LinguisticData
0x00007fff5ed1d000 	/System/Library/PrivateFrameworks/Lexicon.framework/Versions/A/Lexicon
0x00007fff7092c000 	/usr/lib/libcmph.dylib
0x00007fff42bab000 	/System/Library/Frameworks/OpenDirectory.framework/Versions/A/Frameworks/CFOpenDirectory.framework/Versions/A/CFOpenDirectory
0x00007fff42bc8000 	/System/Library/Frameworks/OpenDirectory.framework/Versions/A/OpenDirectory
0x00007fff4afe8000 	/System/Library/PrivateFrameworks/APFS.framework/Versions/A/APFS
0x00007fff462b7000 	/System/Library/Frameworks/SecurityFoundation.framework/Versions/A/SecurityFoundation
0x00007fff729f2000 	/usr/lib/libutil.dylib
0x00007fff529f5000 	/System/Library/PrivateFrameworks/CoreServicesStore.framework/Versions/A/CoreServicesStore
0x00007fff4636e000 	/System/Library/Frameworks/ServiceManagement.framework/Versions/A/ServiceManagement
0x00007fff4e701000 	/System/Library/PrivateFrameworks/BackgroundTaskManagement.framework/Versions/A/BackgroundTaskManagement
0x00007fff72aef000 	/usr/lib/libxslt.1.dylib
0x00007fff4d5a5000 	/System/Library/PrivateFrameworks/AppleSystemInfo.framework/Versions/A/AppleSystemInfo
0x00007fff3c76b000 	/System/Library/Frameworks/ImageIO.framework/Versions/A/Resources/libJPEG.dylib
0x00007fff3ca27000 	/System/Library/Frameworks/ImageIO.framework/Versions/A/Resources/libTIFF.dylib
0x00007fff3ca0a000 	/System/Library/Frameworks/ImageIO.framework/Versions/A/Resources/libPng.dylib
0x00007fff3c6ad000 	/System/Library/Frameworks/ImageIO.framework/Versions/A/Resources/libGIF.dylib
0x00007fff3c6b1000 	/System/Library/Frameworks/ImageIO.framework/Versions/A/Resources/libJP2.dylib
0x00007fff3ca25000 	/System/Library/Frameworks/ImageIO.framework/Versions/A/Resources/libRadiance.dylib
0x00007fff71370000 	/usr/lib/libexpat.1.dylib
0x00007fff4d08e000 	/System/Library/PrivateFrameworks/AppleJPEG.framework/Versions/A/AppleJPEG
0x00007fff55cd0000 	/System/Library/PrivateFrameworks/FontServices.framework/libFontParser.dylib
0x00007fff6c524000 	/System/Library/PrivateFrameworks/WatchdogClient.framework/Versions/A/WatchdogClient
0x00007fff5e2aa000 	/System/Library/PrivateFrameworks/IOAccelerator.framework/Versions/A/IOAccelerator
0x00007fff3ef35000 	/System/Library/Frameworks/MetalPerformanceShaders.framework/Versions/A/MetalPerformanceShaders
0x00007fff5aa43000 	/System/Library/PrivateFrameworks/GPUWrangler.framework/Versions/A/GPUWrangler
0x00007fff5e2bf000 	/System/Library/PrivateFrameworks/IOPresentment.framework/Versions/A/IOPresentment
0x00007fff53571000 	/System/Library/PrivateFrameworks/DSExternalDisplay.framework/Versions/A/DSExternalDisplay
0x00007fff4353c000 	/System/Library/Frameworks/OpenGL.framework/Versions/A/Libraries/libCoreFSCache.dylib
0x00007fff3ec81000 	/System/Library/Frameworks/MetalPerformanceShaders.framework/Frameworks/MPSCore.framework/Versions/A/MPSCore
0x00007fff3ecbf000 	/System/Library/Frameworks/MetalPerformanceShaders.framework/Frameworks/MPSImage.framework/Versions/A/MPSImage
0x00007fff3ed86000 	/System/Library/Frameworks/MetalPerformanceShaders.framework/Frameworks/MPSNeuralNetwork.framework/Versions/A/MPSNeuralNetwork
0x00007fff3ed4a000 	/System/Library/Frameworks/MetalPerformanceShaders.framework/Frameworks/MPSMatrix.framework/Versions/A/MPSMatrix
0x00007fff3eee5000 	/System/Library/Frameworks/MetalPerformanceShaders.framework/Frameworks/MPSRayIntersector.framework/Versions/A/MPSRayIntersector
0x00007fff3ed70000 	/System/Library/Frameworks/MetalPerformanceShaders.framework/Frameworks/MPSNDArray.framework/Versions/A/MPSNDArray
0x00007fff60125000 	/System/Library/PrivateFrameworks/MetalTools.framework/Versions/A/MetalTools
0x00007fff4c1bb000 	/System/Library/PrivateFrameworks/AggregateDictionary.framework/Versions/A/AggregateDictionary
0x00007fff50f1a000 	/System/Library/PrivateFrameworks/CoreAnalytics.framework/Versions/A/CoreAnalytics
0x00007fff4d4c4000 	/System/Library/PrivateFrameworks/AppleSauce.framework/Versions/A/AppleSauce
0x00007fff7032c000 	/usr/lib/libIOReport.dylib
0x00007fff3b63d000 	/System/Library/Frameworks/CoreVideo.framework/Versions/A/CoreVideo
0x00007fff5bebd000 	/System/Library/PrivateFrameworks/GraphVisualizer.framework/Versions/A/GraphVisualizer
0x00007fff55224000 	/System/Library/PrivateFrameworks/FaceCore.framework/Versions/A/FaceCore
0x00007fff42b52000 	/System/Library/Frameworks/OpenCL.framework/Versions/A/OpenCL
0x00007fff7014e000 	/usr/lib/libFosl_dynamic.dylib
0x00007fff615ee000 	/System/Library/PrivateFrameworks/OTSVG.framework/Versions/A/OTSVG
0x00007fff377ff000 	/System/Library/Frameworks/ApplicationServices.framework/Versions/A/Frameworks/ATS.framework/Versions/A/Resources/libFontRegistry.dylib
0x00007fff55ea1000 	/System/Library/PrivateFrameworks/FontServices.framework/libhvf.dylib
0x00007fff43547000 	/System/Library/Frameworks/OpenGL.framework/Versions/A/Libraries/libGFXShared.dylib
0x00007fff43725000 	/System/Library/Frameworks/OpenGL.framework/Versions/A/Libraries/libGLU.dylib
0x00007fff43550000 	/System/Library/Frameworks/OpenGL.framework/Versions/A/Libraries/libGL.dylib
0x00007fff4355b000 	/System/Library/Frameworks/OpenGL.framework/Versions/A/Libraries/libGLImage.dylib
0x00007fff43539000 	/System/Library/Frameworks/OpenGL.framework/Versions/A/Libraries/libCVMSPluginSupport.dylib
0x00007fff43542000 	/System/Library/Frameworks/OpenGL.framework/Versions/A/Libraries/libCoreVMClient.dylib
0x00007fff71dc2000 	/usr/lib/libncurses.5.4.dylib
0x00007fff376fb000 	/System/Library/Frameworks/ApplicationServices.framework/Versions/A/Frameworks/ATS.framework/Versions/A/ATS
0x00007fff378c8000 	/System/Library/Frameworks/ApplicationServices.framework/Versions/A/Frameworks/ColorSyncLegacy.framework/Versions/A/ColorSyncLegacy
0x00007fff37966000 	/System/Library/Frameworks/ApplicationServices.framework/Versions/A/Frameworks/HIServices.framework/Versions/A/HIServices
0x00007fff379be000 	/System/Library/Frameworks/ApplicationServices.framework/Versions/A/Frameworks/LangAnalysis.framework/Versions/A/LangAnalysis
0x00007fff379cd000 	/System/Library/Frameworks/ApplicationServices.framework/Versions/A/Frameworks/PrintCore.framework/Versions/A/PrintCore
0x00007fff37a13000 	/System/Library/Frameworks/ApplicationServices.framework/Versions/A/Frameworks/QD.framework/Versions/A/QD
0x00007fff37a1e000 	/System/Library/Frameworks/ApplicationServices.framework/Versions/A/Frameworks/SpeechSynthesis.framework/Versions/A/SpeechSynthesis
0x00007fff37898000 	/System/Library/Frameworks/ApplicationServices.framework/Versions/A/Frameworks/ATSUI.framework/Versions/A/ATSUI
0x00007fff71204000 	/usr/lib/libcups.2.dylib
0x00007fff3dfd2000 	/System/Library/Frameworks/Kerberos.framework/Versions/A/Kerberos
0x00007fff3c113000 	/System/Library/Frameworks/GSS.framework/Versions/A/GSS
0x00007fff72543000 	/usr/lib/libresolv.9.dylib
0x00007fff5c06b000 	/System/Library/PrivateFrameworks/Heimdal.framework/Versions/A/Heimdal
0x00007fff3dfe5000 	/System/Library/Frameworks/Kerberos.framework/Versions/A/Libraries/libHeimdalProxy.dylib
0x00007fff713ad000 	/usr/lib/libheimdal-asn1.dylib
0x00007fff503b3000 	/System/Library/PrivateFrameworks/CommonAuth.framework/Versions/A/CommonAuth
0x00007fff4d642000 	/System/Library/PrivateFrameworks/AssertionServices.framework/Versions/A/AssertionServices
0x00007fff4e1e4000 	/System/Library/PrivateFrameworks/AudioToolboxCore.framework/Versions/A/AudioToolboxCore
0x00007fff6d1ce000 	/System/Library/PrivateFrameworks/caulk.framework/Versions/A/caulk
0x00007fff4e7ad000 	/System/Library/PrivateFrameworks/BaseBoard.framework/Versions/A/BaseBoard
0x00007fff65839000 	/System/Library/PrivateFrameworks/RunningBoardServices.framework/Versions/A/RunningBoardServices
0x00007fff6284d000 	/System/Library/PrivateFrameworks/PersistentConnection.framework/Versions/A/PersistentConnection
0x00007fff65233000 	/System/Library/PrivateFrameworks/ProtocolBuffer.framework/Versions/A/ProtocolBuffer
0x00007fff503d7000 	/System/Library/PrivateFrameworks/CommonUtilities.framework/Versions/A/CommonUtilities
0x00007fff4e93b000 	/System/Library/PrivateFrameworks/Bom.framework/Versions/A/Bom
0x00007fff6ffff000 	/usr/lib/libAudioToolboxUtility.dylib
0x00007fff4e70b000 	/System/Library/PrivateFrameworks/Backup.framework/Versions/A/Backup
0x00007fff53492000 	/System/Library/PrivateFrameworks/CrashReporterSupport.framework/Versions/A/CrashReporterSupport
0x00007fff672c7000 	/System/Library/PrivateFrameworks/Sharing.framework/Versions/A/Sharing
0x00007fff4cc51000 	/System/Library/PrivateFrameworks/Apple80211.framework/Versions/A/Apple80211
0x00007fff4e428000 	/System/Library/PrivateFrameworks/AuthKit.framework/Versions/A/AuthKit
0x00007fff531a2000 	/System/Library/PrivateFrameworks/CoreUtils.framework/Versions/A/CoreUtils
0x00007fff3b682000 	/System/Library/Frameworks/CoreWLAN.framework/Versions/A/CoreWLAN
0x00007fff3c2a0000 	/System/Library/Frameworks/IOBluetooth.framework/Versions/A/IOBluetooth
0x00007fff60429000 	/System/Library/PrivateFrameworks/MobileKeyBag.framework/Versions/A/MobileKeyBag
0x00007fff51fa8000 	/System/Library/PrivateFrameworks/CorePhoneNumbers.framework/Versions/A/CorePhoneNumbers
0x00007fff4d041000 	/System/Library/PrivateFrameworks/AppleIDAuthSupport.framework/Versions/A/AppleIDAuthSupport
0x00007fff3ffca000 	/System/Library/Frameworks/Network.framework/Versions/A/Network
0x00007fff5eafa000 	/System/Library/PrivateFrameworks/KeychainCircle.framework/Versions/A/KeychainCircle
0x00007fff390db000 	/System/Library/Frameworks/CoreBluetooth.framework/Versions/A/CoreBluetooth
0x00007fff69344000 	/System/Library/PrivateFrameworks/SpeechRecognitionCore.framework/Versions/A/SpeechRecognitionCore
0x0000000102200000 	/private/var/folders/l9/17652zlj5lbdj0zz_1lyvmkc0000gn/T/AppTranslocation/011E79CA-7EF4-4D0B-8E2D-F973A2E1C651/d/BlueJ.app/Contents/JDK/Home/lib/server/libjvm.dylib
0x00000001019ee000 	/private/var/folders/l9/17652zlj5lbdj0zz_1lyvmkc0000gn/T/AppTranslocation/011E79CA-7EF4-4D0B-8E2D-F973A2E1C651/d/BlueJ.app/Contents/JDK/Home/lib/libverify.dylib
0x0000000102f47000 	/private/var/folders/l9/17652zlj5lbdj0zz_1lyvmkc0000gn/T/AppTranslocation/011E79CA-7EF4-4D0B-8E2D-F973A2E1C651/d/BlueJ.app/Contents/JDK/Home/lib/libjava.dylib
0x0000000102f8a000 	/private/var/folders/l9/17652zlj5lbdj0zz_1lyvmkc0000gn/T/AppTranslocation/011E79CA-7EF4-4D0B-8E2D-F973A2E1C651/d/BlueJ.app/Contents/JDK/Home/lib/libjdwp.dylib
0x000000010300a000 	/private/var/folders/l9/17652zlj5lbdj0zz_1lyvmkc0000gn/T/AppTranslocation/011E79CA-7EF4-4D0B-8E2D-F973A2E1C651/d/BlueJ.app/Contents/JDK/Home/lib/libzip.dylib
0x0000000103012000 	/private/var/folders/l9/17652zlj5lbdj0zz_1lyvmkc0000gn/T/AppTranslocation/011E79CA-7EF4-4D0B-8E2D-F973A2E1C651/d/BlueJ.app/Contents/JDK/Home/lib/libjimage.dylib
0x0000000104fe0000 	/private/var/folders/l9/17652zlj5lbdj0zz_1lyvmkc0000gn/T/AppTranslocation/011E79CA-7EF4-4D0B-8E2D-F973A2E1C651/d/BlueJ.app/Contents/JDK/Home/lib/libdt_socket.dylib
0x0000000104fe6000 	/private/var/folders/l9/17652zlj5lbdj0zz_1lyvmkc0000gn/T/AppTranslocation/011E79CA-7EF4-4D0B-8E2D-F973A2E1C651/d/BlueJ.app/Contents/JDK/Home/lib/libnio.dylib
0x0000000104ff4000 	/private/var/folders/l9/17652zlj5lbdj0zz_1lyvmkc0000gn/T/AppTranslocation/011E79CA-7EF4-4D0B-8E2D-F973A2E1C651/d/BlueJ.app/Contents/JDK/Home/lib/libnet.dylib
0x0000000105090000 	/private/var/folders/l9/17652zlj5lbdj0zz_1lyvmkc0000gn/T/AppTranslocation/011E79CA-7EF4-4D0B-8E2D-F973A2E1C651/d/BlueJ.app/Contents/JDK/Home/lib/libawt.dylib
0x000000010512a000 	/private/var/folders/l9/17652zlj5lbdj0zz_1lyvmkc0000gn/T/AppTranslocation/011E79CA-7EF4-4D0B-8E2D-F973A2E1C651/d/BlueJ.app/Contents/JDK/Home/lib/libmlib_image.dylib
0x00007fff3dfbb000 	/System/Library/Frameworks/JavaVM.framework/Versions/A/Frameworks/JavaNativeFoundation.framework/Versions/A/JavaNativeFoundation
0x00007fff3dfc4000 	/System/Library/Frameworks/JavaVM.framework/Versions/A/Frameworks/JavaRuntimeSupport.framework/Versions/A/JavaRuntimeSupport
0x00007fff3dfcd000 	/System/Library/Frameworks/JavaVM.framework/Versions/A/JavaVM
0x00007fff5e911000 	/System/Library/PrivateFrameworks/JavaLaunching.framework/Versions/A/JavaLaunching
0x00007fff382ac000 	/System/Library/Frameworks/Carbon.framework/Versions/A/Carbon
0x00007fff52f47000 	/System/Library/PrivateFrameworks/CoreSymbolication.framework/Versions/A/CoreSymbolication
0x00007fff382ad000 	/System/Library/Frameworks/Carbon.framework/Versions/A/Frameworks/CommonPanels.framework/Versions/A/CommonPanels
0x00007fff385a6000 	/System/Library/Frameworks/Carbon.framework/Versions/A/Frameworks/Help.framework/Versions/A/Help
0x00007fff385aa000 	/System/Library/Frameworks/Carbon.framework/Versions/A/Frameworks/ImageCapture.framework/Versions/A/ImageCapture
0x00007fff385b1000 	/System/Library/Frameworks/Carbon.framework/Versions/A/Frameworks/OpenScripting.framework/Versions/A/OpenScripting
0x00007fff385b0000 	/System/Library/Frameworks/Carbon.framework/Versions/A/Frameworks/Ink.framework/Versions/A/Ink
0x00007fff385ec000 	/System/Library/Frameworks/Carbon.framework/Versions/A/Frameworks/Print.framework/Versions/A/Print
0x00007fff385ed000 	/System/Library/Frameworks/Carbon.framework/Versions/A/Frameworks/SecurityHI.framework/Versions/A/SecurityHI
0x00007fff536c6000 	/System/Library/PrivateFrameworks/DebugSymbols.framework/Versions/A/DebugSymbols
0x0000000105190000 	/private/var/folders/l9/17652zlj5lbdj0zz_1lyvmkc0000gn/T/AppTranslocation/011E79CA-7EF4-4D0B-8E2D-F973A2E1C651/d/BlueJ.app/Contents/JDK/Home/lib/libawt_lwawt.dylib
0x000000010523d000 	/private/var/folders/l9/17652zlj5lbdj0zz_1lyvmkc0000gn/T/AppTranslocation/011E79CA-7EF4-4D0B-8E2D-F973A2E1C651/d/BlueJ.app/Contents/JDK/Home/lib/libosxapp.dylib
0x00007fff3bb7f000 	/System/Library/Frameworks/ExceptionHandling.framework/Versions/A/ExceptionHandling
0x00000001054f2000 	/private/var/folders/l9/17652zlj5lbdj0zz_1lyvmkc0000gn/T/AppTranslocation/011E79CA-7EF4-4D0B-8E2D-F973A2E1C651/d/BlueJ.app/Contents/JDK/Home/lib/libfontmanager.dylib
0x0000000105582000 	/private/var/folders/l9/17652zlj5lbdj0zz_1lyvmkc0000gn/T/AppTranslocation/011E79CA-7EF4-4D0B-8E2D-F973A2E1C651/d/BlueJ.app/Contents/JDK/Home/lib/libfreetype.dylib
0x00007fff529c1000 	/System/Library/PrivateFrameworks/CoreServicesInternal.framework/Versions/A/CoreServicesInternal
0x00007fff3bb9e000 	/System/Library/Frameworks/FileProvider.framework/Versions/A/FileProvider
0x00007fff36742000 	/System/Library/Frameworks/Accounts.framework/Versions/A/Accounts
0x00007fff5ad68000 	/System/Library/PrivateFrameworks/GenerationalStorage.framework/Versions/A/GenerationalStorage
0x00007fff69b84000 	/System/Library/PrivateFrameworks/SymptomDiagnosticReporter.framework/Versions/A/SymptomDiagnosticReporter
0x00007fff4c756000 	/System/Library/PrivateFrameworks/AppContainer.framework/Versions/A/AppContainer
0x00007fff7255d000 	/usr/lib/libsandbox.1.dylib
0x00007fff6b4c8000 	/System/Library/PrivateFrameworks/UserManagement.framework/Versions/A/UserManagement
0x00007fff4f4f3000 	/System/Library/PrivateFrameworks/ChunkingLibrary.framework/Versions/A/ChunkingLibrary
0x00007fff4c7c8000 	/System/Library/PrivateFrameworks/AppSandbox.framework/Versions/A/AppSandbox
0x00007fff67151000 	/System/Library/PrivateFrameworks/SecCodeWrapper.framework/Versions/A/SecCodeWrapper
0x00007fff70414000 	/usr/lib/libMatch.1.dylib
0x00007fff2c6ab000 	/System/Library/CoreServices/RawCamera.bundle/Contents/MacOS/RawCamera
0x00007fff60253000 	/System/Library/PrivateFrameworks/MobileAsset.framework/Versions/A/MobileAsset
0x00007fff69a2c000 	/System/Library/PrivateFrameworks/StreamingZip.framework/Versions/A/StreamingZip
0x00007fff3e44d000 	/System/Library/Frameworks/MediaToolbox.framework/Versions/A/MediaToolbox
0x00007fff50eca000 	/System/Library/PrivateFrameworks/CoreAVCHD.framework/Versions/A/CoreAVCHD
0x00007fff3e377000 	/System/Library/Frameworks/MediaAccessibility.framework/Versions/A/MediaAccessibility
0x00007fff5f609000 	/System/Library/PrivateFrameworks/Mangrove.framework/Versions/A/Mangrove
0x00007fff3a84a000 	/System/Library/Frameworks/CoreMedia.framework/Versions/A/CoreMedia
0x00007fff5f875000 	/System/Library/PrivateFrameworks/MediaExperience.framework/Versions/A/MediaExperience
0x00007fff4730a000 	/System/Library/Frameworks/VideoToolbox.framework/Versions/A/VideoToolbox
0x00007fff50af4000 	/System/Library/PrivateFrameworks/CoreAUC.framework/Versions/A/CoreAUC
0x00007fff725b5000 	/usr/lib/libspindump.dylib
0x00007fff4db93000 	/System/Library/PrivateFrameworks/AudioResourceArbitration.framework/Versions/A/AudioResourceArbitration
0x00007fff4d5a9000 	/System/Library/PrivateFrameworks/AppleVA.framework/Versions/A/AppleVA
0x00007fff352c0000 	/System/Library/Frameworks/Accelerate.framework/Versions/A/Frameworks/vImage.framework/Versions/A/Libraries/libCGInterfaces.dylib
0x0000000105378000 	/usr/lib/libobjc-trampolines.dylib
0x00007fff55e08000 	/System/Library/PrivateFrameworks/FontServices.framework/libTrueTypeScaler.dylib
0x00007fff32039000 	/System/Library/Extensions/AppleIntelKBLGraphicsMTLDriver.bundle/Contents/MacOS/AppleIntelKBLGraphicsMTLDriver
0x00007fff59392000 	/System/Library/PrivateFrameworks/GPUCompiler.framework/Versions/3902/Libraries/libmetal_timestamp.dylib
0x00007fff6c294000 	/System/Library/PrivateFrameworks/ViewBridge.framework/Versions/A/ViewBridge
0x000000012661f000 	/private/var/folders/l9/17652zlj5lbdj0zz_1lyvmkc0000gn/T/AppTranslocation/011E79CA-7EF4-4D0B-8E2D-F973A2E1C651/d/BlueJ.app/Contents/JDK/Home/lib/libjavajpeg.dylib
0x00007fff441ad000 	/System/Library/Frameworks/OpenGL.framework/Versions/A/Resources/GLEngine.bundle/GLEngine
0x00007fff43590000 	/System/Library/Frameworks/OpenGL.framework/Versions/A/Libraries/libGLProgrammability.dylib
0x00007fff31031000 	/System/Library/Extensions/AppleIntelKBLGraphicsGLDriver.bundle/Contents/MacOS/AppleIntelKBLGraphicsGLDriver
0x00007fff5aa37000 	/System/Library/PrivateFrameworks/GPUSupport.framework/Versions/A/Libraries/libGPUSupportMercury.dylib
0x00007fff44327000 	/System/Library/Frameworks/OpenGL.framework/Versions/A/Resources/GLRendererFloat.bundle/GLRendererFloat
0x00007fff42b49000 	/System/Library/Frameworks/OpenCL.framework/Versions/A/Libraries/libcldcpuengine.dylib
0x00007fff6d521000 	/System/Library/PrivateFrameworks/login.framework/Versions/A/login
0x0000000105386000 	/private/var/folders/l9/17652zlj5lbdj0zz_1lyvmkc0000gn/T/AppTranslocation/011E79CA-7EF4-4D0B-8E2D-F973A2E1C651/d/BlueJ.app/Contents/JDK/Home/lib/libosxui.dylib


VM Arguments:
jvm_args: -ea -agentlib:jdwp=transport=dt_socket,address=127.0.0.1:54722 -Dfile.encoding=UTF-8 
java_command: bluej.runtime.ExecServer UTF-8
java_class_path (initial): /private/var/folders/l9/17652zlj5lbdj0zz_1lyvmkc0000gn/T/AppTranslocation/011E79CA-7EF4-4D0B-8E2D-F973A2E1C651/d/BlueJ.app/Contents/Resources/Java/bluejcore.jar:/private/var/folders/l9/17652zlj5lbdj0zz_1lyvmkc0000gn/T/AppTranslocation/011E79CA-7EF4-4D0B-8E2D-F973A2E1C651/d/BlueJ.app/Contents/Resources/Java/junit-4.11.jar:/private/var/folders/l9/17652zlj5lbdj0zz_1lyvmkc0000gn/T/AppTranslocation/011E79CA-7EF4-4D0B-8E2D-F973A2E1C651/d/BlueJ.app/Contents/Resources/Java/hamcrest-core-1.3.jar:/private/var/folders/l9/17652zlj5lbdj0zz_1lyvmkc0000gn/T/AppTranslocation/011E79CA-7EF4-4D0B-8E2D-F973A2E1C651/d/BlueJ.app/Contents/Resources/Java/lang-stride.jar:/private/var/folders/l9/17652zlj5lbdj0zz_1lyvmkc0000gn/T/AppTranslocation/011E79CA-7EF4-4D0B-8E2D-F973A2E1C651/d/BlueJ.app/Contents/Resources/Java/javafx/lib/javafx.base.jar:/private/var/folders/l9/17652zlj5lbdj0zz_1lyvmkc0000gn/T/AppTranslocation/011E79CA-7EF4-4D0B-8E2D-F973A2E1C651/d/BlueJ.app/Contents/Resources/Java/javafx/lib/javafx.controls.jar:/private/var/folders/l9/17652zlj5lbdj0zz_1lyvmkc0000gn/T/AppTranslocation/011E79CA-7EF4-4D0B-8E2D-F973A2E1C651/d/BlueJ.app/Contents/Resources/Java/javafx/lib/javafx.fxml.jar:/private/var/folders/l9/17652zlj5lbdj0zz_1lyvmkc0000gn/T/AppTranslocation/011E79CA-7EF4-4D0B-8E2D-F973A2E1C651/d/BlueJ.app/Contents/Resources/Java/javafx/lib/javafx.graphics.jar:/private/var/folders/l9/17652zlj5lbdj0zz_1lyvmkc0000gn/T/AppTranslocation/011E79CA-7EF4-4D0B-8E2D-F973A2E1C651/d/BlueJ.app/Contents/Resources/Java/javafx/lib/javafx.media.jar:/private/var/folders/l9/17652zlj5lbdj0zz_1lyvmkc0000gn/T/AppTranslocation/011E79CA-7EF4-4D0B-8E2D-F973A2E1C651/d/BlueJ.app/Contents/Resources/Java/javafx/lib/javafx.properties.jar:/private/var/folders/l9/17652zlj5lbdj0zz_1lyvmkc0000gn/T/AppTranslocation/011E79CA-7EF4-4D0B-8E2D-F973A2E1C651/d/BlueJ.app/Contents/Resources/Java/javafx/lib/javafx.swing.jar:/private/var/folders/l9/17652zlj5lbdj0zz_1lyvmkc0000gn/T/AppTranslocation/011E79CA
Launcher Type: SUN_STANDARD

[Global flags]
     intx CICompilerCount                          = 3                                         {product} {ergonomic}
     uint ConcGCThreads                            = 1                                         {product} {ergonomic}
     uint G1ConcRefinementThreads                  = 4                                         {product} {ergonomic}
   size_t G1HeapRegionSize                         = 1048576                                   {product} {ergonomic}
    uintx GCDrainStackTargetSize                   = 64                                        {product} {ergonomic}
   size_t InitialHeapSize                          = 134217728                                 {product} {ergonomic}
   size_t MarkStackSize                            = 4194304                                   {product} {ergonomic}
   size_t MaxHeapSize                              = 2147483648                                {product} {ergonomic}
   size_t MaxNewSize                               = 1287651328                                {product} {ergonomic}
   size_t MinHeapDeltaBytes                        = 1048576                                   {product} {ergonomic}
    uintx NonNMethodCodeHeapSize                   = 5830092                                {pd product} {ergonomic}
    uintx NonProfiledCodeHeapSize                  = 122914074                              {pd product} {ergonomic}
    uintx ProfiledCodeHeapSize                     = 122914074                              {pd product} {ergonomic}
    uintx ReservedCodeCacheSize                    = 251658240                              {pd product} {ergonomic}
     bool SegmentedCodeCache                       = true                                      {product} {ergonomic}
     bool UseCompressedClassPointers               = true                                 {lp64_product} {ergonomic}
     bool UseCompressedOops                        = true                                 {lp64_product} {ergonomic}
     bool UseG1GC                                  = true                                      {product} {ergonomic}

Logging:
Log output configuration:
 #0: stdout all=warning uptime,level,tags
 #1: stderr all=off uptime,level,tags

Environment Variables:
PATH=/usr/bin:/bin:/usr/sbin:/sbin
SHELL=/bin/bash

Signal Handlers:
SIGSEGV: [libjvm.dylib+0x73f4e4], sa_mask[0]=11111111011111110111111111111111, sa_flags=SA_ONSTACK|SA_RESTART|SA_SIGINFO
SIGBUS: [libjvm.dylib+0x73f4e4], sa_mask[0]=11111111011111110111111111111111, sa_flags=SA_RESTART|SA_SIGINFO
SIGFPE: [libjvm.dylib+0x73f4e4], sa_mask[0]=11111111011111110111111111111111, sa_flags=SA_RESTART|SA_SIGINFO
SIGPIPE: [libjvm.dylib+0x5f2192], sa_mask[0]=11111111011111110111111111111111, sa_flags=SA_RESTART|SA_SIGINFO
SIGXFSZ: [libjvm.dylib+0x5f2192], sa_mask[0]=11111111011111110111111111111111, sa_flags=SA_RESTART|SA_SIGINFO
SIGILL: [libjvm.dylib+0x73f4e4], sa_mask[0]=11111111011111110111111111111111, sa_flags=SA_RESTART|SA_SIGINFO
SIGUSR2: [libjvm.dylib+0x5f2777], sa_mask[0]=00100000000000000000000000000000, sa_flags=SA_RESTART|SA_SIGINFO
SIGHUP: [libjvm.dylib+0x5f11d3], sa_mask[0]=11111111011111110111111111111111, sa_flags=SA_RESTART|SA_SIGINFO
SIGINT: [libjvm.dylib+0x5f11d3], sa_mask[0]=11111111011111110111111111111111, sa_flags=SA_RESTART|SA_SIGINFO
SIGTERM: [libjvm.dylib+0x5f11d3], sa_mask[0]=11111111011111110111111111111111, sa_flags=SA_RESTART|SA_SIGINFO
SIGQUIT: [libjvm.dylib+0x5f11d3], sa_mask[0]=11111111011111110111111111111111, sa_flags=SA_RESTART|SA_SIGINFO


---------------  S Y S T E M  ---------------

OS:uname:Darwin 19.4.0 Darwin Kernel Version 19.4.0: Wed Mar  4 22:28:40 PST 2020; root:xnu-6153.101.6~15/RELEASE_X86_64 x86_64
rlimit: STACK 8192k, CORE 0k, NPROC 1392, NOFILE 10240, AS infinity, DATA infinity, FSIZE infinity
load average:1.98 1.66 1.56

CPU:total 4 (initial active 4) (2 cores per cpu, 2 threads per core) family 6 model 142 stepping 9, cmov, cx8, fxsr, mmx, sse, sse2, sse3, ssse3, sse4.1, sse4.2, popcnt, avx, avx2, aes, clmul, erms, 3dnowpref, lzcnt, ht, tsc, tscinvbit, bmi1, bmi2, adx, fma

Memory: 4k page, physical 8388608k(19016k free)

vm_info: OpenJDK 64-Bit Server VM (11.0.2+9) for bsd-amd64 JRE (11.0.2+9), built on Jan 18 2019 08:16:22 by "mach5one" with gcc 4.2.1 Compatible Apple LLVM 9.1.0 (clang-902.0.39.2)

END.
